[1;31m
Start test 1[0m
[0;34m
3[0m[0;34m  .   ____          _            __ _ _
4[0m[0;34m /\\ / ___'_ __ _ _(_)_ __  __ _ \ \ \ \
5[0m[0;34m( ( )\___ | '_ | '_| | '_ \/ _` | \ \ \ \
6[0m[0;34m \\/  ___)| |_)| | | | | || (_| |  ) ) ) )
5[0m[0;34m  '  |____| .__|_| |_|_| |_\__, | / / / /
4[0m[0;34m =========|_|==============|___/=/_/_/_/
6[0m[0;34m :: Spring Boot ::        (v2.3.1.RELEASE)
[0m[0;34m
å[0m[0;34m2023-02-07 09:17:18.878  INFO 334220 --- [    Test worker] account.AccountServiceApplication        : Starting AccountServiceApplication on kronos-Olympos with PID 334220 (started by kronos in /home/kronos/IdeaProjects/Account Service/Account Service/task)
≤[0m[0;34m2023-02-07 09:17:18.880  INFO 334220 --- [    Test worker] account.AccountServiceApplication        : No active profile set, falling back to default profiles: default
Æ[0m[0;34m2023-02-07 09:17:19.353  INFO 334220 --- [    Test worker] .s.d.r.c.RepositoryConfigurationDelegate : Bootstrapping Spring Data JPA repositories in DEFERRED mode.
≈[0m[0;34m2023-02-07 09:17:19.366  INFO 334220 --- [    Test worker] .s.d.r.c.RepositoryConfigurationDelegate : Finished Spring Data repository scanning in 8ms. Found 0 JPA repository interfaces.
ü[0m[0;34m2023-02-07 09:17:19.661  INFO 334220 --- [    Test worker] o.s.b.w.embedded.tomcat.TomcatWebServer  : Tomcat initialized with port(s): 28852 (http)
ã[0m[0;34m2023-02-07 09:17:19.667  INFO 334220 --- [    Test worker] o.apache.catalina.core.StandardService   : Starting service [Tomcat]
°[0m[0;34m2023-02-07 09:17:19.667  INFO 334220 --- [    Test worker] org.apache.catalina.core.StandardEngine  : Starting Servlet engine: [Apache Tomcat/9.0.36]
§[0m[0;34m2023-02-07 09:17:19.717  INFO 334220 --- [    Test worker] o.a.c.c.C.[Tomcat].[localhost].[/]       : Initializing Spring embedded WebApplicationContext
∞[0m[0;34m2023-02-07 09:17:19.718  INFO 334220 --- [    Test worker] w.s.c.ServletWebServerApplicationContext : Root WebApplicationContext: initialization completed in 815 ms
®[0m[0;34m2023-02-07 09:17:19.873  INFO 334220 --- [    Test worker] o.s.s.concurrent.ThreadPoolTaskExecutor  : Initializing ExecutorService 'applicationTaskExecutor'
å[0m[0;34m2023-02-07 09:17:19.878  INFO 334220 --- [    Test worker] com.zaxxer.hikari.HikariDataSource       : HikariPool-1 - Starting...
ë[0m[0;34m2023-02-07 09:17:19.975  INFO 334220 --- [    Test worker] com.zaxxer.hikari.HikariDataSource       : HikariPool-1 - Start completed.
ß[0;34m2023-02-07 09:17:20.006  INFO 334220 --- [         task-1] o.hibernate.jpa.internal.util.LogHelper  : HHH000204: Processing PersistenceUnitInfo [name: default]
§[0m[0;34m2023-02-07 09:17:20.031  INFO 334220 --- [         task-1] org.hibernate.Version                    : HHH000412: Hibernate ORM core version 5.4.17.Final
©[0m[0;34m2023-02-07 09:17:20.034  WARN 334220 --- [    Test worker] JpaBaseConfiguration$JpaWebConfiguration : spring.jpa.open-in-view is enabled by default. Therefore, database queries may be performed during view rendering. Explicitly configure spring.jpa.open-in-view to disable this warning
™[0m[0;34m2023-02-07 09:17:20.113  INFO 334220 --- [         task-1] o.hibernate.annotations.common.Version   : HCANN000001: Hibernate Commons Annotations {5.1.0.Final}
´[0m[0;34m2023-02-07 09:17:20.181  INFO 334220 --- [         task-1] org.hibernate.dialect.Dialect            : HHH000400: Using dialect: org.hibernate.dialect.H2Dialect
Â[0m[0;34m2023-02-07 09:17:20.317  INFO 334220 --- [         task-1] o.h.e.t.j.p.i.JtaPlatformInitiator       : HHH000490: Using JtaPlatform implementation: [org.hibernate.engine.transaction.jta.platform.internal.NoJtaPlatform]
µ[0m[0;34m2023-02-07 09:17:20.322  INFO 334220 --- [         task-1] j.LocalContainerEntityManagerFactoryBean : Initialized JPA EntityManagerFactory for persistence unit 'default'
ß[0m[0;34m2023-02-07 09:17:20.373  INFO 334220 --- [    Test worker] o.s.b.a.e.web.EndpointLinksResolver      : Exposing 14 endpoint(s) beneath base path '/actuator'
Æ[0m[0;34m2023-02-07 09:17:20.409  INFO 334220 --- [    Test worker] o.s.b.w.embedded.tomcat.TomcatWebServer  : Tomcat started on port(s): 28852 (http) with context path ''
≥[0m[0;34m2023-02-07 09:17:20.411  INFO 334220 --- [    Test worker] DeferredRepositoryInitializationListener : Triggering deferred initialization of Spring Data repositories‚Ä¶
ó[0m[0;34m2023-02-07 09:17:20.411  INFO 334220 --- [    Test worker] DeferredRepositoryInitializationListener : Spring Data repositories initialized!
º[0m[0;34m2023-02-07 09:17:20.422  INFO 334220 --- [    Test worker] account.AccountServiceApplication        : Started AccountServiceApplication in 1.707 seconds (JVM running for 2.166)
ß[0;34m2023-02-07 09:17:20.624  INFO 334220 --- [io-28852-exec-1] o.a.c.c.C.[Tomcat].[localhost].[/]       : Initializing Spring DispatcherServlet 'dispatcherServlet'
ö[0m[0;34m2023-02-07 09:17:20.624  INFO 334220 --- [io-28852-exec-1] o.s.web.servlet.DispatcherServlet        : Initializing Servlet 'dispatcherServlet'
í[0m[0;34m2023-02-07 09:17:20.629  INFO 334220 --- [io-28852-exec-1] o.s.web.servlet.DispatcherServlet        : Completed initialization in 3 ms
[0m[1;31m
Start test 2[0m
ë[0;34m2023-02-07 09:17:20.777  WARN 334220 --- [io-28852-exec-2] .w.s.m.s.DefaultHandlerExceptionResolver : Resolved [org.springframework.web.bind.MethodArgumentNotValidException: Validation failed for argument [0] in public org.springframework.http.ResponseEntity<?> account.Controllers.AuthController.signUp(account.Models.User): [Field error in object 'user' on field 'name': rejected value []; codes [NotBlank.user.name,NotBlank.name,NotBlank.java.lang.String,NotBlank]; arguments [org.springframework.context.support.DefaultMessageSourceResolvable: codes [user.name,name]; arguments []; default message [name]]; default message [must not be blank]] ]
[1;31m
Start test 3[0m
‰[0;34m2023-02-07 09:17:20.799  WARN 334220 --- [io-28852-exec-3] .w.s.m.s.DefaultHandlerExceptionResolver : Resolved [org.springframework.web.bind.MethodArgumentNotValidException: Validation failed for argument [0] in public org.springframework.http.ResponseEntity<?> account.Controllers.AuthController.signUp(account.Models.User) with 2 errors: [Field error in object 'user' on field 'name': rejected value [null]; codes [NotNull.user.name,NotNull.name,NotNull.java.lang.String,NotNull]; arguments [org.springframework.context.support.DefaultMessageSourceResolvable: codes [user.name,name]; arguments []; default message [name]]; default message [must not be null]] [Field error in object 'user' on field 'name': rejected value [null]; codes [NotBlank.user.name,NotBlank.name,NotBlank.java.lang.String,NotBlank]; arguments [org.springframework.context.support.DefaultMessageSourceResolvable: codes [user.name,name]; arguments []; default message [name]]; default message [must not be blank]] ]
[1;31m
Start test 4[0m
©[0;34m2023-02-07 09:17:20.809  WARN 334220 --- [io-28852-exec-4] .w.s.m.s.DefaultHandlerExceptionResolver : Resolved [org.springframework.web.bind.MethodArgumentNotValidException: Validation failed for argument [0] in public org.springframework.http.ResponseEntity<?> account.Controllers.AuthController.signUp(account.Models.User): [Field error in object 'user' on field 'lastname': rejected value []; codes [NotBlank.user.lastname,NotBlank.lastname,NotBlank.java.lang.String,NotBlank]; arguments [org.springframework.context.support.DefaultMessageSourceResolvable: codes [user.lastname,lastname]; arguments []; default message [lastname]]; default message [must not be blank]] ]
[1;31m
Start test 5[0m
î[0;34m2023-02-07 09:17:20.818  WARN 334220 --- [io-28852-exec-5] .w.s.m.s.DefaultHandlerExceptionResolver : Resolved [org.springframework.web.bind.MethodArgumentNotValidException: Validation failed for argument [0] in public org.springframework.http.ResponseEntity<?> account.Controllers.AuthController.signUp(account.Models.User) with 2 errors: [Field error in object 'user' on field 'lastname': rejected value [null]; codes [NotNull.user.lastname,NotNull.lastname,NotNull.java.lang.String,NotNull]; arguments [org.springframework.context.support.DefaultMessageSourceResolvable: codes [user.lastname,lastname]; arguments []; default message [lastname]]; default message [must not be null]] [Field error in object 'user' on field 'lastname': rejected value [null]; codes [NotBlank.user.lastname,NotBlank.lastname,NotBlank.java.lang.String,NotBlank]; arguments [org.springframework.context.support.DefaultMessageSourceResolvable: codes [user.lastname,lastname]; arguments []; default message [lastname]]; default message [must not be blank]] ]
[1;31m
Start test 6[0m
Í[0;34m2023-02-07 09:17:20.828  WARN 334220 --- [io-28852-exec-6] .w.s.m.s.DefaultHandlerExceptionResolver : Resolved [org.springframework.web.bind.MethodArgumentNotValidException: Validation failed for argument [0] in public org.springframework.http.ResponseEntity<?> account.Controllers.AuthController.signUp(account.Models.User): [Field error in object 'user' on field 'email': rejected value []; codes [Pattern.user.email,Pattern.email,Pattern.java.lang.String,Pattern]; arguments [org.springframework.context.support.DefaultMessageSourceResolvable: codes [user.email,email]; arguments []; default message [email],[Ljavax.validation.constraints.Pattern$Flag;@7fb87fb6,^.*?\b@acme.com.*?]; default message [must match "^.*?\b@acme.com.*?"]] ]
[1;31m
Start test 7[0m
î[0;34m2023-02-07 09:17:20.836  WARN 334220 --- [io-28852-exec-7] .w.s.m.s.DefaultHandlerExceptionResolver : Resolved [org.springframework.web.bind.MethodArgumentNotValidException: Validation failed for argument [0] in public org.springframework.http.ResponseEntity<?> account.Controllers.AuthController.signUp(account.Models.User) with 2 errors: [Field error in object 'user' on field 'lastname': rejected value [null]; codes [NotBlank.user.lastname,NotBlank.lastname,NotBlank.java.lang.String,NotBlank]; arguments [org.springframework.context.support.DefaultMessageSourceResolvable: codes [user.lastname,lastname]; arguments []; default message [lastname]]; default message [must not be blank]] [Field error in object 'user' on field 'lastname': rejected value [null]; codes [NotNull.user.lastname,NotNull.lastname,NotNull.java.lang.String,NotNull]; arguments [org.springframework.context.support.DefaultMessageSourceResolvable: codes [user.lastname,lastname]; arguments []; default message [lastname]]; default message [must not be null]] ]
[1;31m
Start test 8[0m
©[0;34m2023-02-07 09:17:20.844  WARN 334220 --- [io-28852-exec-8] .w.s.m.s.DefaultHandlerExceptionResolver : Resolved [org.springframework.web.bind.MethodArgumentNotValidException: Validation failed for argument [0] in public org.springframework.http.ResponseEntity<?> account.Controllers.AuthController.signUp(account.Models.User): [Field error in object 'user' on field 'password': rejected value []; codes [NotBlank.user.password,NotBlank.password,NotBlank.java.lang.String,NotBlank]; arguments [org.springframework.context.support.DefaultMessageSourceResolvable: codes [user.password,password]; arguments []; default message [password]]; default message [must not be blank]] ]
[1;31m
Start test 9[0m
î[0;34m2023-02-07 09:17:20.852  WARN 334220 --- [io-28852-exec-9] .w.s.m.s.DefaultHandlerExceptionResolver : Resolved [org.springframework.web.bind.MethodArgumentNotValidException: Validation failed for argument [0] in public org.springframework.http.ResponseEntity<?> account.Controllers.AuthController.signUp(account.Models.User) with 2 errors: [Field error in object 'user' on field 'password': rejected value [null]; codes [NotNull.user.password,NotNull.password,NotNull.java.lang.String,NotNull]; arguments [org.springframework.context.support.DefaultMessageSourceResolvable: codes [user.password,password]; arguments []; default message [password]]; default message [must not be null]] [Field error in object 'user' on field 'password': rejected value [null]; codes [NotBlank.user.password,NotBlank.password,NotBlank.java.lang.String,NotBlank]; arguments [org.springframework.context.support.DefaultMessageSourceResolvable: codes [user.password,password]; arguments []; default message [password]]; default message [must not be blank]] ]
[1;31m
Start test 10[0m
ù	[0;34m2023-02-07 09:17:20.859  WARN 334220 --- [o-28852-exec-10] .w.s.m.s.DefaultHandlerExceptionResolver : Resolved [org.springframework.web.bind.MethodArgumentNotValidException: Validation failed for argument [0] in public org.springframework.http.ResponseEntity<?> account.Controllers.AuthController.signUp(account.Models.User) with 2 errors: [Field error in object 'user' on field 'email': rejected value [johndoeacme.com]; codes [Email.user.email,Email.email,Email.java.lang.String,Email]; arguments [org.springframework.context.support.DefaultMessageSourceResolvable: codes [user.email,email]; arguments []; default message [email],[Ljavax.validation.constraints.Pattern$Flag;@5b69f800,.*]; default message [must be a well-formed email address]] [Field error in object 'user' on field 'email': rejected value [johndoeacme.com]; codes [Pattern.user.email,Pattern.email,Pattern.java.lang.String,Pattern]; arguments [org.springframework.context.support.DefaultMessageSourceResolvable: codes [user.email,email]; arguments []; default message [email],[Ljavax.validation.constraints.Pattern$Flag;@7fb87fb6,^.*?\b@acme.com.*?]; default message [must match "^.*?\b@acme.com.*?"]] ]
[1;31m
Start test 11[0m
Ä[0m[0;34m2023-02-07 09:17:20.867  WARN 334220 --- [io-28852-exec-1] .w.s.m.s.DefaultHandlerExceptionResolver : Resolved [org.springframework.web.bind.MethodArgumentNotValidException: Validation failed for argument [0] in public org.springframework.http.ResponseEntity<?> account.Controllers.AuthController.signUp(account.Models.User): [Field error in object 'user' on field 'email': rejected value [johndoe@google.com]; codes [Pattern.user.email,Pattern.email,Pattern.java.lang.String,Pattern]; arguments [org.springframework.context.support.DefaultMessageSourceResolvable: codes [user.email,email]; arguments []; default message [email],[Ljavax.validation.constraints.Pattern$Flag;@7fb87fb6,^.*?\b@acme.com.*?]; default message [must match "^.*?\b@acme.com.*?"]] ]
[1;31m
Start test 12[0m
ﬂ[0m[0;34m2023-02-07 09:17:20.873  WARN 334220 --- [io-28852-exec-2] .w.s.m.s.DefaultHandlerExceptionResolver : Resolved [org.springframework.web.HttpRequestMethodNotSupportedException: Request method 'GET' not supported]
ﬂ[0m[0;34m2023-02-07 09:17:20.879  WARN 334220 --- [io-28852-exec-3] .w.s.m.s.DefaultHandlerExceptionResolver : Resolved [org.springframework.web.HttpRequestMethodNotSupportedException: Request method 'PUT' not supported]
‚[0m[0;34m2023-02-07 09:17:20.885  WARN 334220 --- [io-28852-exec-4] .w.s.m.s.DefaultHandlerExceptionResolver : Resolved [org.springframework.web.HttpRequestMethodNotSupportedException: Request method 'DELETE' not supported]
[1;31m
Start test 13[0m
