<?xml version="1.0" encoding="UTF-8"?>
<testsuite name="AccountServiceTest" tests="1" skipped="0" failures="1" errors="0" timestamp="2023-02-11T17:45:22" hostname="kronos-Olympos" time="15.291">
  <properties/>
  <testcase name="start" classname="AccountServiceTest" time="15.291">
    <failure message="java.lang.AssertionError: Wrong answer in test #37&#10;&#10;POST api/acct/payments should respond with status code 200, responded: 500&#10;Payment list must be added&#10;Response body:&#10;{&#10;  &quot;timestamp&quot; : &quot;2023-02-11T17:45:38.205+00:00&quot;,&#10;  &quot;status&quot; : 500,&#10;  &quot;error&quot; : &quot;Internal Server Error&quot;,&#10;  &quot;message&quot; : &quot;Text '01-2021' could not be parsed at index 0&quot;,&#10;  &quot;path&quot; : &quot;/api/acct/payments&quot;&#10;}&#10;Request body:&#10;[{&quot;employee&quot;:&quot;johndoe@acme.com&quot;,&quot;period&quot;:&quot;01-2021&quot;,&quot;salary&quot;:123456},{&quot;employee&quot;:&quot;johndoe@acme.com&quot;,&quot;period&quot;:&quot;02-2021&quot;,&quot;salary&quot;:456789},{&quot;employee&quot;:&quot;johndoe@acme.com&quot;,&quot;period&quot;:&quot;03-2021&quot;,&quot;salary&quot;:12},{&quot;employee&quot;:&quot;maxmustermann@acme.com&quot;,&quot;period&quot;:&quot;01-2021&quot;,&quot;salary&quot;:54321},{&quot;employee&quot;:&quot;maxmustermann@acme.com&quot;,&quot;period&quot;:&quot;02-2021&quot;,&quot;salary&quot;:987654},{&quot;employee&quot;:&quot;maxmustermann@acme.com&quot;,&quot;period&quot;:&quot;03-2021&quot;,&quot;salary&quot;:120}]" type="java.lang.AssertionError">java.lang.AssertionError: Wrong answer in test #37

POST api/acct/payments should respond with status code 200, responded: 500
Payment list must be added
Response body:
{
  &quot;timestamp&quot; : &quot;2023-02-11T17:45:38.205+00:00&quot;,
  &quot;status&quot; : 500,
  &quot;error&quot; : &quot;Internal Server Error&quot;,
  &quot;message&quot; : &quot;Text '01-2021' could not be parsed at index 0&quot;,
  &quot;path&quot; : &quot;/api/acct/payments&quot;
}
Request body:
[{&quot;employee&quot;:&quot;johndoe@acme.com&quot;,&quot;period&quot;:&quot;01-2021&quot;,&quot;salary&quot;:123456},{&quot;employee&quot;:&quot;johndoe@acme.com&quot;,&quot;period&quot;:&quot;02-2021&quot;,&quot;salary&quot;:456789},{&quot;employee&quot;:&quot;johndoe@acme.com&quot;,&quot;period&quot;:&quot;03-2021&quot;,&quot;salary&quot;:12},{&quot;employee&quot;:&quot;maxmustermann@acme.com&quot;,&quot;period&quot;:&quot;01-2021&quot;,&quot;salary&quot;:54321},{&quot;employee&quot;:&quot;maxmustermann@acme.com&quot;,&quot;period&quot;:&quot;02-2021&quot;,&quot;salary&quot;:987654},{&quot;employee&quot;:&quot;maxmustermann@acme.com&quot;,&quot;period&quot;:&quot;03-2021&quot;,&quot;salary&quot;:120}]
	at org.junit.Assert.fail(Assert.java:89)
	at org.hyperskill.hstest.stage.StageTest.start(StageTest.java:203)
	at java.base/jdk.internal.reflect.NativeMethodAccessorImpl.invoke0(Native Method)
	at java.base/jdk.internal.reflect.NativeMethodAccessorImpl.invoke(NativeMethodAccessorImpl.java:77)
	at java.base/jdk.internal.reflect.DelegatingMethodAccessorImpl.invoke(DelegatingMethodAccessorImpl.java:43)
	at java.base/java.lang.reflect.Method.invoke(Method.java:568)
	at org.junit.runners.model.FrameworkMethod$1.runReflectiveCall(FrameworkMethod.java:59)
	at org.junit.internal.runners.model.ReflectiveCallable.run(ReflectiveCallable.java:12)
	at org.junit.runners.model.FrameworkMethod.invokeExplosively(FrameworkMethod.java:56)
	at org.junit.internal.runners.statements.InvokeMethod.evaluate(InvokeMethod.java:17)
	at org.junit.internal.runners.statements.RunAfters.evaluate(RunAfters.java:27)
	at org.junit.runners.ParentRunner$3.evaluate(ParentRunner.java:306)
	at org.junit.runners.BlockJUnit4ClassRunner$1.evaluate(BlockJUnit4ClassRunner.java:100)
	at org.junit.runners.ParentRunner.runLeaf(ParentRunner.java:366)
	at org.junit.runners.BlockJUnit4ClassRunner.runChild(BlockJUnit4ClassRunner.java:103)
	at org.junit.runners.BlockJUnit4ClassRunner.runChild(BlockJUnit4ClassRunner.java:63)
	at org.junit.runners.ParentRunner$4.run(ParentRunner.java:331)
	at org.junit.runners.ParentRunner$1.schedule(ParentRunner.java:79)
	at org.junit.runners.ParentRunner.runChildren(ParentRunner.java:329)
	at org.junit.runners.ParentRunner.access$100(ParentRunner.java:66)
	at org.junit.runners.ParentRunner$2.evaluate(ParentRunner.java:293)
	at org.junit.runners.ParentRunner$3.evaluate(ParentRunner.java:306)
	at org.junit.runners.ParentRunner.run(ParentRunner.java:413)
	at org.gradle.api.internal.tasks.testing.junit.JUnitTestClassExecutor.runTestClass(JUnitTestClassExecutor.java:110)
	at org.gradle.api.internal.tasks.testing.junit.JUnitTestClassExecutor.execute(JUnitTestClassExecutor.java:58)
	at org.gradle.api.internal.tasks.testing.junit.JUnitTestClassExecutor.execute(JUnitTestClassExecutor.java:38)
	at org.gradle.api.internal.tasks.testing.junit.AbstractJUnitTestClassProcessor.processTestClass(AbstractJUnitTestClassProcessor.java:62)
	at org.gradle.api.internal.tasks.testing.SuiteTestClassProcessor.processTestClass(SuiteTestClassProcessor.java:51)
	at java.base/jdk.internal.reflect.NativeMethodAccessorImpl.invoke0(Native Method)
	at java.base/jdk.internal.reflect.NativeMethodAccessorImpl.invoke(NativeMethodAccessorImpl.java:77)
	at java.base/jdk.internal.reflect.DelegatingMethodAccessorImpl.invoke(DelegatingMethodAccessorImpl.java:43)
	at java.base/java.lang.reflect.Method.invoke(Method.java:568)
	at org.gradle.internal.dispatch.ReflectionDispatch.dispatch(ReflectionDispatch.java:36)
	at org.gradle.internal.dispatch.ReflectionDispatch.dispatch(ReflectionDispatch.java:24)
	at org.gradle.internal.dispatch.ContextClassLoaderDispatch.dispatch(ContextClassLoaderDispatch.java:33)
	at org.gradle.internal.dispatch.ProxyDispatchAdapter$DispatchingInvocationHandler.invoke(ProxyDispatchAdapter.java:94)
	at jdk.proxy1/jdk.proxy1.$Proxy2.processTestClass(Unknown Source)
	at org.gradle.api.internal.tasks.testing.worker.TestWorker$2.run(TestWorker.java:176)
	at org.gradle.api.internal.tasks.testing.worker.TestWorker.executeAndMaintainThreadName(TestWorker.java:129)
	at org.gradle.api.internal.tasks.testing.worker.TestWorker.execute(TestWorker.java:100)
	at org.gradle.api.internal.tasks.testing.worker.TestWorker.execute(TestWorker.java:60)
	at org.gradle.process.internal.worker.child.ActionExecutionWorker.execute(ActionExecutionWorker.java:56)
	at org.gradle.process.internal.worker.child.SystemApplicationClassLoaderWorker.call(SystemApplicationClassLoaderWorker.java:133)
	at org.gradle.process.internal.worker.child.SystemApplicationClassLoaderWorker.call(SystemApplicationClassLoaderWorker.java:71)
	at worker.org.gradle.process.internal.worker.GradleWorkerMain.run(GradleWorkerMain.java:69)
	at worker.org.gradle.process.internal.worker.GradleWorkerMain.main(GradleWorkerMain.java:74)
</failure>
  </testcase>
  <system-out><![CDATA[?[1;31m
Start test 1?[0m
?[0;34m
?[0m?[0;34m  .   ____          _            __ _ _
?[0m?[0;34m /\\ / ___'_ __ _ _(_)_ __  __ _ \ \ \ \
?[0m?[0;34m( ( )\___ | '_ | '_| | '_ \/ _` | \ \ \ \
?[0m?[0;34m \\/  ___)| |_)| | | | | || (_| |  ) ) ) )
?[0m?[0;34m  '  |____| .__|_| |_|_| |_\__, | / / / /
?[0m?[0;34m =========|_|==============|___/=/_/_/_/
?[0m?[0;34m :: Spring Boot ::        (v2.3.1.RELEASE)
?[0m?[0;34m
?[0m?[0;34m2023-02-11 18:45:23.299  INFO 450398 --- [    Test worker] account.AccountServiceApplication        : Starting AccountServiceApplication on kronos-Olympos with PID 450398 (started by kronos in /home/kronos/IdeaProjects/Account Service/Account Service/task)
?[0m?[0;34m2023-02-11 18:45:23.300  INFO 450398 --- [    Test worker] account.AccountServiceApplication        : No active profile set, falling back to default profiles: default
?[0m?[0;34m2023-02-11 18:45:23.799  INFO 450398 --- [    Test worker] .s.d.r.c.RepositoryConfigurationDelegate : Bootstrapping Spring Data JPA repositories in DEFERRED mode.
?[0m?[0;34m2023-02-11 18:45:23.832  INFO 450398 --- [    Test worker] .s.d.r.c.RepositoryConfigurationDelegate : Finished Spring Data repository scanning in 28ms. Found 2 JPA repository interfaces.
?[0m?[0;34m2023-02-11 18:45:24.161  INFO 450398 --- [    Test worker] o.s.b.w.embedded.tomcat.TomcatWebServer  : Tomcat initialized with port(s): 28852 (http)
?[0m?[0;34m2023-02-11 18:45:24.168  INFO 450398 --- [    Test worker] o.apache.catalina.core.StandardService   : Starting service [Tomcat]
?[0m?[0;34m2023-02-11 18:45:24.168  INFO 450398 --- [    Test worker] org.apache.catalina.core.StandardEngine  : Starting Servlet engine: [Apache Tomcat/9.0.36]
?[0m?[0;34m2023-02-11 18:45:24.224  INFO 450398 --- [    Test worker] o.a.c.c.C.[Tomcat].[localhost].[/]       : Initializing Spring embedded WebApplicationContext
?[0m?[0;34m2023-02-11 18:45:24.224  INFO 450398 --- [    Test worker] w.s.c.ServletWebServerApplicationContext : Root WebApplicationContext: initialization completed in 903 ms
?[0m?[0;34m2023-02-11 18:45:24.306  INFO 450398 --- [    Test worker] com.zaxxer.hikari.HikariDataSource       : HikariPool-1 - Starting...
?[0m?[0;34m2023-02-11 18:45:24.411  INFO 450398 --- [    Test worker] com.zaxxer.hikari.HikariDataSource       : HikariPool-1 - Start completed.
?[0m?[0;34m2023-02-11 18:45:24.416  INFO 450398 --- [    Test worker] o.s.b.a.h2.H2ConsoleAutoConfiguration    : H2 console available at '/h2-console'. Database available at 'jdbc:h2:file:../service_db'
?[0m?[0;34m2023-02-11 18:45:24.508  INFO 450398 --- [    Test worker] o.s.s.concurrent.ThreadPoolTaskExecutor  : Initializing ExecutorService 'applicationTaskExecutor'
?[0;34m2023-02-11 18:45:24.533  INFO 450398 --- [         task-1] o.hibernate.jpa.internal.util.LogHelper  : HHH000204: Processing PersistenceUnitInfo [name: default]
?[0m?[0;34m2023-02-11 18:45:24.551  WARN 450398 --- [    Test worker] JpaBaseConfiguration$JpaWebConfiguration : spring.jpa.open-in-view is enabled by default. Therefore, database queries may be performed during view rendering. Explicitly configure spring.jpa.open-in-view to disable this warning
?[0m?[0;34m2023-02-11 18:45:24.561  INFO 450398 --- [         task-1] org.hibernate.Version                    : HHH000412: Hibernate ORM core version 5.4.17.Final
?[0m?[0;34m2023-02-11 18:45:24.635  INFO 450398 --- [         task-1] o.hibernate.annotations.common.Version   : HCANN000001: Hibernate Commons Annotations {5.1.0.Final}
?[0m?[0;34m2023-02-11 18:45:24.698  INFO 450398 --- [    Test worker] o.s.s.web.DefaultSecurityFilterChain     : Creating filter chain: any request, [org.springframework.security.web.context.request.async.WebAsyncManagerIntegrationFilter@4540c7, org.springframework.security.web.context.SecurityContextPersistenceFilter@5fdb7394, org.springframework.security.web.header.HeaderWriterFilter@432c0f1, org.springframework.security.web.authentication.logout.LogoutFilter@296676c4, org.springframework.security.web.authentication.www.BasicAuthenticationFilter@ff1f465, org.springframework.security.web.savedrequest.RequestCacheAwareFilter@4b5798c2, org.springframework.security.web.servletapi.SecurityContextHolderAwareRequestFilter@1bfa3893, org.springframework.security.web.authentication.AnonymousAuthenticationFilter@13c90c06, org.springframework.security.web.session.SessionManagementFilter@6d3163a6, org.springframework.security.web.access.ExceptionTranslationFilter@7d6c4079, org.springframework.security.web.access.intercept.FilterSecurityInterceptor@23469199]
?[0m?[0;34m2023-02-11 18:45:24.709  INFO 450398 --- [         task-1] org.hibernate.dialect.Dialect            : HHH000400: Using dialect: org.hibernate.dialect.H2Dialect
?[0m?[0;34m2023-02-11 18:45:25.154  INFO 450398 --- [         task-1] o.h.e.t.j.p.i.JtaPlatformInitiator       : HHH000490: Using JtaPlatform implementation: [org.hibernate.engine.transaction.jta.platform.internal.NoJtaPlatform]
?[0m?[0;34m2023-02-11 18:45:25.158  INFO 450398 --- [         task-1] j.LocalContainerEntityManagerFactoryBean : Initialized JPA EntityManagerFactory for persistence unit 'default'
?[0m?[0;34m2023-02-11 18:45:25.202  INFO 450398 --- [    Test worker] o.s.b.a.e.web.EndpointLinksResolver      : Exposing 14 endpoint(s) beneath base path '/actuator'
?[0m?[0;34m2023-02-11 18:45:25.240  INFO 450398 --- [    Test worker] o.s.b.w.embedded.tomcat.TomcatWebServer  : Tomcat started on port(s): 28852 (http) with context path ''
?[0m?[0;34m2023-02-11 18:45:25.241  INFO 450398 --- [    Test worker] DeferredRepositoryInitializationListener : Triggering deferred initialization of Spring Data repositories…
?[0m?[0;34m2023-02-11 18:45:25.489  INFO 450398 --- [    Test worker] DeferredRepositoryInitializationListener : Spring Data repositories initialized!
?[0m?[0;34m2023-02-11 18:45:25.499  INFO 450398 --- [    Test worker] account.AccountServiceApplication        : Started AccountServiceApplication in 2.358 seconds (JVM running for 2.827)
?[0;34m2023-02-11 18:45:25.703  INFO 450398 --- [io-28852-exec-1] o.a.c.c.C.[Tomcat].[localhost].[/]       : Initializing Spring DispatcherServlet 'dispatcherServlet'
?[0m?[0;34m2023-02-11 18:45:25.704  INFO 450398 --- [io-28852-exec-1] o.s.web.servlet.DispatcherServlet        : Initializing Servlet 'dispatcherServlet'
?[0m?[0;34m2023-02-11 18:45:25.710  INFO 450398 --- [io-28852-exec-1] o.s.web.servlet.DispatcherServlet        : Completed initialization in 6 ms
?[0m?[1;31m
Start test 2?[0m
?[1;31m
Start test 3?[0m
?[1;31m
Start test 4?[0m
?[1;31m
Start test 5?[0m
?[1;31m
Start test 6?[0m
?[1;31m
Start test 7?[0m
?[1;31m
Start test 8?[0m
?[1;31m
Start test 9?[0m
?[1;31m
Start test 10?[0m
?[1;31m
Start test 11?[0m
?[1;31m
Start test 12?[0m
?[1;31m
Start test 13?[0m
?[1;31m
Start test 14?[0m
?[1;31m
Start test 15?[0m
?[1;31m
Start test 16?[0m
?[1;31m
Start test 17?[0m
?[1;31m
Start test 18?[0m
?[1;31m
Start test 19?[0m
?[1;31m
Start test 20?[0m
?[1;31m
Start test 21?[0m
?[1;31m
Start test 22?[0m
?[1;31m
Start test 23?[0m
?[1;31m
Start test 24?[0m
?[1;31m
Start test 25?[0m
?[1;31m
Start test 26?[0m
?[1;31m
Start test 27?[0m
?[1;31m
Start test 28?[0m
?[1;31m
Start test 29?[0m
?[1;31m
Start test 30?[0m
?[1;31m
Start test 31?[0m
?[1;31m
Start test 32?[0m
?[1;31m
Start test 33?[0m
?[1;31m
Start test 34?[0m
?[1;31m
Start test 35?[0m
?[0;34m2023-02-11 18:45:28.096  INFO 450398 --- [     Thread-336] j.LocalContainerEntityManagerFactoryBean : Closing JPA EntityManagerFactory for persistence unit 'default'
?[0m?[0;34m2023-02-11 18:45:28.098  INFO 450398 --- [     Thread-336] o.s.s.concurrent.ThreadPoolTaskExecutor  : Shutting down ExecutorService 'applicationTaskExecutor'
?[0m?[0;34m2023-02-11 18:45:28.099  INFO 450398 --- [     Thread-336] com.zaxxer.hikari.HikariDataSource       : HikariPool-1 - Shutdown initiated...
?[0m?[0;34m2023-02-11 18:45:28.109  INFO 450398 --- [     Thread-336] com.zaxxer.hikari.HikariDataSource       : HikariPool-1 - Shutdown completed.
?[0;34m
?[0m?[0;34m  .   ____          _            __ _ _
?[0m?[0;34m /\\ / ___'_ __ _ _(_)_ __  __ _ \ \ \ \
?[0m?[0;34m( ( )\___ | '_ | '_| | '_ \/ _` | \ \ \ \
?[0m?[0;34m \\/  ___)| |_)| | | | | || (_| |  ) ) ) )
?[0m?[0;34m  '  |____| .__|_| |_|_| |_\__, | / / / /
?[0m?[0;34m =========|_|==============|___/=/_/_/_/
?[0m?[0;34m :: Spring Boot ::        (v2.3.1.RELEASE)
?[0m?[0;34m
?[0m?[0;34m2023-02-11 18:45:37.613  INFO 450398 --- [    Test worker] account.AccountServiceApplication        : Starting AccountServiceApplication on kronos-Olympos with PID 450398 (started by kronos in /home/kronos/IdeaProjects/Account Service/Account Service/task)
?[0m?[0;34m2023-02-11 18:45:37.613  INFO 450398 --- [    Test worker] account.AccountServiceApplication        : No active profile set, falling back to default profiles: default
?[0m?[0;34m2023-02-11 18:45:37.778  INFO 450398 --- [    Test worker] .s.d.r.c.RepositoryConfigurationDelegate : Bootstrapping Spring Data JPA repositories in DEFERRED mode.
?[0m?[0;34m2023-02-11 18:45:37.784  INFO 450398 --- [    Test worker] .s.d.r.c.RepositoryConfigurationDelegate : Finished Spring Data repository scanning in 5ms. Found 2 JPA repository interfaces.
?[0m?[0;34m2023-02-11 18:45:37.833  INFO 450398 --- [    Test worker] o.s.b.w.embedded.tomcat.TomcatWebServer  : Tomcat initialized with port(s): 28852 (http)
?[0m?[0;34m2023-02-11 18:45:37.834  INFO 450398 --- [    Test worker] o.apache.catalina.core.StandardService   : Starting service [Tomcat]
?[0m?[0;34m2023-02-11 18:45:37.834  INFO 450398 --- [    Test worker] org.apache.catalina.core.StandardEngine  : Starting Servlet engine: [Apache Tomcat/9.0.36]
?[0m?[0;34m2023-02-11 18:45:37.844  INFO 450398 --- [    Test worker] o.a.c.c.C.[Tomcat].[localhost].[/]       : Initializing Spring embedded WebApplicationContext
?[0m?[0;34m2023-02-11 18:45:37.844  INFO 450398 --- [    Test worker] w.s.c.ServletWebServerApplicationContext : Root WebApplicationContext: initialization completed in 228 ms
?[0m?[0;34m2023-02-11 18:45:37.866  INFO 450398 --- [    Test worker] com.zaxxer.hikari.HikariDataSource       : HikariPool-2 - Starting...
?[0m?[0;34m2023-02-11 18:45:37.871  INFO 450398 --- [    Test worker] com.zaxxer.hikari.HikariDataSource       : HikariPool-2 - Start completed.
?[0m?[0;34m2023-02-11 18:45:37.871  INFO 450398 --- [    Test worker] o.s.b.a.h2.H2ConsoleAutoConfiguration    : H2 console available at '/h2-console'. Database available at 'jdbc:h2:file:../service_db'
?[0m?[0;34m2023-02-11 18:45:37.894  INFO 450398 --- [    Test worker] o.s.s.concurrent.ThreadPoolTaskExecutor  : Initializing ExecutorService 'applicationTaskExecutor'
?[0;34m2023-02-11 18:45:37.897  INFO 450398 --- [         task-1] o.hibernate.jpa.internal.util.LogHelper  : HHH000204: Processing PersistenceUnitInfo [name: default]
?[0m?[0;34m2023-02-11 18:45:37.899  INFO 450398 --- [         task-1] org.hibernate.dialect.Dialect            : HHH000400: Using dialect: org.hibernate.dialect.H2Dialect
?[0m?[0;34m2023-02-11 18:45:37.908  WARN 450398 --- [    Test worker] JpaBaseConfiguration$JpaWebConfiguration : spring.jpa.open-in-view is enabled by default. Therefore, database queries may be performed during view rendering. Explicitly configure spring.jpa.open-in-view to disable this warning
?[0m?[0;34m2023-02-11 18:45:37.928  INFO 450398 --- [    Test worker] o.s.s.web.DefaultSecurityFilterChain     : Creating filter chain: any request, [org.springframework.security.web.context.request.async.WebAsyncManagerIntegrationFilter@31cddb11, org.springframework.security.web.context.SecurityContextPersistenceFilter@4b552b13, org.springframework.security.web.header.HeaderWriterFilter@4e481512, org.springframework.security.web.authentication.logout.LogoutFilter@691a5c3a, org.springframework.security.web.authentication.www.BasicAuthenticationFilter@5570dc21, org.springframework.security.web.savedrequest.RequestCacheAwareFilter@524dd373, org.springframework.security.web.servletapi.SecurityContextHolderAwareRequestFilter@5ca3acad, org.springframework.security.web.authentication.AnonymousAuthenticationFilter@510bd87a, org.springframework.security.web.session.SessionManagementFilter@1ba98508, org.springframework.security.web.access.ExceptionTranslationFilter@2c86b0ea, org.springframework.security.web.access.intercept.FilterSecurityInterceptor@48da5106]
?[0m?[0;34m2023-02-11 18:45:37.958  INFO 450398 --- [         task-1] o.h.e.t.j.p.i.JtaPlatformInitiator       : HHH000490: Using JtaPlatform implementation: [org.hibernate.engine.transaction.jta.platform.internal.NoJtaPlatform]
?[0m?[0;34m2023-02-11 18:45:37.958  INFO 450398 --- [         task-1] j.LocalContainerEntityManagerFactoryBean : Initialized JPA EntityManagerFactory for persistence unit 'default'
?[0m?[0;34m2023-02-11 18:45:38.027  INFO 450398 --- [    Test worker] o.s.b.a.e.web.EndpointLinksResolver      : Exposing 14 endpoint(s) beneath base path '/actuator'
?[0m?[0;34m2023-02-11 18:45:38.035  INFO 450398 --- [    Test worker] o.s.b.w.embedded.tomcat.TomcatWebServer  : Tomcat started on port(s): 28852 (http) with context path ''
?[0m?[0;34m2023-02-11 18:45:38.036  INFO 450398 --- [    Test worker] DeferredRepositoryInitializationListener : Triggering deferred initialization of Spring Data repositories…
?[0m?[0;34m2023-02-11 18:45:38.073  INFO 450398 --- [    Test worker] DeferredRepositoryInitializationListener : Spring Data repositories initialized!
?[0m?[0;34m2023-02-11 18:45:38.077  INFO 450398 --- [    Test worker] account.AccountServiceApplication        : Started AccountServiceApplication in 0.48 seconds (JVM running for 15.404)
?[0m?[1;31m
Start test 36?[0m
?[0;34m2023-02-11 18:45:38.084  INFO 450398 --- [io-28852-exec-2] o.a.c.c.C.[Tomcat].[localhost].[/]       : Initializing Spring DispatcherServlet 'dispatcherServlet'
?[0m?[0;34m2023-02-11 18:45:38.084  INFO 450398 --- [io-28852-exec-2] o.s.web.servlet.DispatcherServlet        : Initializing Servlet 'dispatcherServlet'
?[0m?[0;34m2023-02-11 18:45:38.086  INFO 450398 --- [io-28852-exec-2] o.s.web.servlet.DispatcherServlet        : Completed initialization in 2 ms
?[1;31m
Start test 37?[0m
?[0;34m2023-02-11 18:45:38.199 ERROR 450398 --- [io-28852-exec-1] o.a.c.c.C.[.[.[/].[dispatcherServlet]    : Servlet.service() for servlet [dispatcherServlet] in context with path [] threw exception [Request processing failed; nested exception is java.time.format.DateTimeParseException: Text '01-2021' could not be parsed at index 0] with root cause
?[0m?[0;34m
?[0m?[0;34mjava.time.format.DateTimeParseException: Text '01-2021' could not be parsed at index 0
?[0m?[0;34m	at java.base/java.time.format.DateTimeFormatter.parseResolved0(DateTimeFormatter.java:2052) ~[na:na]
?[0m?[0;34m	at java.base/java.time.format.DateTimeFormatter.parse(DateTimeFormatter.java:1954) ~[na:na]
?[0m?[0;34m	at java.base/java.time.LocalDate.parse(LocalDate.java:430) ~[na:na]
?[0m?[0;34m	at account.Utils.Mappers.paymentRequestToPayment(Mappers.java:39) ~[main/:na]
?[0m?[0;34m	at account.Services.EmployeeService.lambda$postPayments$3(EmployeeService.java:55) ~[main/:na]
?[0m?[0;34m	at java.base/java.util.stream.ReferencePipeline$3$1.accept(ReferencePipeline.java:197) ~[na:na]
?[0m?[0;34m	at java.base/java.util.ArrayList$ArrayListSpliterator.forEachRemaining(ArrayList.java:1625) ~[na:na]
?[0m?[0;34m	at java.base/java.util.stream.AbstractPipeline.copyInto(AbstractPipeline.java:509) ~[na:na]
?[0m?[0;34m	at java.base/java.util.stream.AbstractPipeline.wrapAndCopyInto(AbstractPipeline.java:499) ~[na:na]
?[0m?[0;34m	at java.base/java.util.stream.ReduceOps$ReduceOp.evaluateSequential(ReduceOps.java:921) ~[na:na]
?[0m?[0;34m	at java.base/java.util.stream.AbstractPipeline.evaluate(AbstractPipeline.java:234) ~[na:na]
?[0m?[0;34m	at java.base/java.util.stream.ReferencePipeline.collect(ReferencePipeline.java:682) ~[na:na]
?[0m?[0;34m	at account.Services.EmployeeService.postPayments(EmployeeService.java:56) ~[main/:na]
?[0m?[0;34m	at account.Services.EmployeeService$$FastClassBySpringCGLIB$$6bfaf38.invoke(<generated>) ~[main/:na]
?[0m?[0;34m	at org.springframework.cglib.proxy.MethodProxy.invoke(MethodProxy.java:218) ~[spring-core-5.2.7.RELEASE.jar:5.2.7.RELEASE]
?[0m?[0;34m	at org.springframework.aop.framework.CglibAopProxy$DynamicAdvisedInterceptor.intercept(CglibAopProxy.java:687) ~[spring-aop-5.2.7.RELEASE.jar:5.2.7.RELEASE]
?[0m?[0;34m	at account.Services.EmployeeService$$EnhancerBySpringCGLIB$$e6520a2.postPayments(<generated>) ~[main/:na]
?[0m?[0;34m	at account.Controllers.EmployeeController.postPayment(EmployeeController.java:47) ~[main/:na]
?[0m?[0;34m	at java.base/jdk.internal.reflect.NativeMethodAccessorImpl.invoke0(Native Method) ~[na:na]
?[0m?[0;34m	at java.base/jdk.internal.reflect.NativeMethodAccessorImpl.invoke(NativeMethodAccessorImpl.java:77) ~[na:na]
?[0m?[0;34m	at java.base/jdk.internal.reflect.DelegatingMethodAccessorImpl.invoke(DelegatingMethodAccessorImpl.java:43) ~[na:na]
?[0m?[0;34m	at java.base/java.lang.reflect.Method.invoke(Method.java:568) ~[na:na]
?[0m?[0;34m	at org.springframework.web.method.support.InvocableHandlerMethod.doInvoke(InvocableHandlerMethod.java:190) ~[spring-web-5.2.7.RELEASE.jar:5.2.7.RELEASE]
?[0m?[0;34m	at org.springframework.web.method.support.InvocableHandlerMethod.invokeForRequest(InvocableHandlerMethod.java:138) ~[spring-web-5.2.7.RELEASE.jar:5.2.7.RELEASE]
?[0m?[0;34m	at org.springframework.web.servlet.mvc.method.annotation.ServletInvocableHandlerMethod.invokeAndHandle(ServletInvocableHandlerMethod.java:105) ~[spring-webmvc-5.2.7.RELEASE.jar:5.2.7.RELEASE]
?[0m?[0;34m	at org.springframework.web.servlet.mvc.method.annotation.RequestMappingHandlerAdapter.invokeHandlerMethod(RequestMappingHandlerAdapter.java:879) ~[spring-webmvc-5.2.7.RELEASE.jar:5.2.7.RELEASE]
?[0m?[0;34m	at org.springframework.web.servlet.mvc.method.annotation.RequestMappingHandlerAdapter.handleInternal(RequestMappingHandlerAdapter.java:793) ~[spring-webmvc-5.2.7.RELEASE.jar:5.2.7.RELEASE]
?[0m?[0;34m	at org.springframework.web.servlet.mvc.method.AbstractHandlerMethodAdapter.handle(AbstractHandlerMethodAdapter.java:87) ~[spring-webmvc-5.2.7.RELEASE.jar:5.2.7.RELEASE]
?[0m?[0;34m	at org.springframework.web.servlet.DispatcherServlet.doDispatch(DispatcherServlet.java:1040) ~[spring-webmvc-5.2.7.RELEASE.jar:5.2.7.RELEASE]
?[0m?[0;34m	at org.springframework.web.servlet.DispatcherServlet.doService(DispatcherServlet.java:943) ~[spring-webmvc-5.2.7.RELEASE.jar:5.2.7.RELEASE]
?[0m?[0;34m	at org.springframework.web.servlet.FrameworkServlet.processRequest(FrameworkServlet.java:1006) ~[spring-webmvc-5.2.7.RELEASE.jar:5.2.7.RELEASE]
?[0m?[0;34m	at org.springframework.web.servlet.FrameworkServlet.doPost(FrameworkServlet.java:909) ~[spring-webmvc-5.2.7.RELEASE.jar:5.2.7.RELEASE]
?[0m?[0;34m	at javax.servlet.http.HttpServlet.service(HttpServlet.java:660) ~[tomcat-embed-core-9.0.36.jar:9.0.36]
?[0m?[0;34m	at org.springframework.web.servlet.FrameworkServlet.service(FrameworkServlet.java:883) ~[spring-webmvc-5.2.7.RELEASE.jar:5.2.7.RELEASE]
?[0m?[0;34m	at javax.servlet.http.HttpServlet.service(HttpServlet.java:741) ~[tomcat-embed-core-9.0.36.jar:9.0.36]
?[0m?[0;34m	at jdk.internal.reflect.GeneratedMethodAccessor61.invoke(Unknown Source) ~[na:na]
?[0m?[0;34m	at java.base/jdk.internal.reflect.DelegatingMethodAccessorImpl.invoke(DelegatingMethodAccessorImpl.java:43) ~[na:na]
?[0m?[0;34m	at java.base/java.lang.reflect.Method.invoke(Method.java:568) ~[na:na]
?[0m?[0;34m	at org.apache.catalina.security.SecurityUtil$1.run(SecurityUtil.java:282) ~[tomcat-embed-core-9.0.36.jar:9.0.36]
?[0m?[0;34m	at org.apache.catalina.security.SecurityUtil$1.run(SecurityUtil.java:279) ~[tomcat-embed-core-9.0.36.jar:9.0.36]
?[0m?[0;34m	at java.base/java.security.AccessController.doPrivileged(AccessController.java:712) ~[na:na]
?[0m?[0;34m	at java.base/javax.security.auth.Subject.doAsPrivileged(Subject.java:584) ~[na:na]
?[0m?[0;34m	at org.apache.catalina.security.SecurityUtil.execute(SecurityUtil.java:314) ~[tomcat-embed-core-9.0.36.jar:9.0.36]
?[0m?[0;34m	at org.apache.catalina.security.SecurityUtil.doAsPrivilege(SecurityUtil.java:170) ~[tomcat-embed-core-9.0.36.jar:9.0.36]
?[0m?[0;34m	at org.apache.catalina.core.ApplicationFilterChain.internalDoFilter(ApplicationFilterChain.java:225) ~[tomcat-embed-core-9.0.36.jar:9.0.36]
?[0m?[0;34m	at org.apache.catalina.core.ApplicationFilterChain.access$000(ApplicationFilterChain.java:47) ~[tomcat-embed-core-9.0.36.jar:9.0.36]
?[0m?[0;34m	at org.apache.catalina.core.ApplicationFilterChain$1.run(ApplicationFilterChain.java:149) ~[tomcat-embed-core-9.0.36.jar:9.0.36]
?[0m?[0;34m	at org.apache.catalina.core.ApplicationFilterChain$1.run(ApplicationFilterChain.java:145) ~[tomcat-embed-core-9.0.36.jar:9.0.36]
?[0m?[0;34m	at java.base/java.security.AccessController.doPrivileged(AccessController.java:569) ~[na:na]
?[0m?[0;34m	at org.apache.catalina.core.ApplicationFilterChain.doFilter(ApplicationFilterChain.java:144) ~[tomcat-embed-core-9.0.36.jar:9.0.36]
?[0m?[0;34m	at org.apache.tomcat.websocket.server.WsFilter.doFilter(WsFilter.java:53) ~[tomcat-embed-websocket-9.0.36.jar:9.0.36]
?[0m?[0;34m	at jdk.internal.reflect.GeneratedMethodAccessor58.invoke(Unknown Source) ~[na:na]
?[0m?[0;34m	at java.base/jdk.internal.reflect.DelegatingMethodAccessorImpl.invoke(DelegatingMethodAccessorImpl.java:43) ~[na:na]
?[0m?[0;34m	at java.base/java.lang.reflect.Method.invoke(Method.java:568) ~[na:na]
?[0m?[0;34m	at org.apache.catalina.security.SecurityUtil$1.run(SecurityUtil.java:282) ~[tomcat-embed-core-9.0.36.jar:9.0.36]
?[0m?[0;34m	at org.apache.catalina.security.SecurityUtil$1.run(SecurityUtil.java:279) ~[tomcat-embed-core-9.0.36.jar:9.0.36]
?[0m?[0;34m	at java.base/java.security.AccessController.doPrivileged(AccessController.java:712) ~[na:na]
?[0m?[0;34m	at java.base/javax.security.auth.Subject.doAsPrivileged(Subject.java:584) ~[na:na]
?[0m?[0;34m	at org.apache.catalina.security.SecurityUtil.execute(SecurityUtil.java:314) ~[tomcat-embed-core-9.0.36.jar:9.0.36]
?[0m?[0;34m	at org.apache.catalina.security.SecurityUtil.doAsPrivilege(SecurityUtil.java:253) ~[tomcat-embed-core-9.0.36.jar:9.0.36]
?[0m?[0;34m	at org.apache.catalina.core.ApplicationFilterChain.internalDoFilter(ApplicationFilterChain.java:191) ~[tomcat-embed-core-9.0.36.jar:9.0.36]
?[0m?[0;34m	at org.apache.catalina.core.ApplicationFilterChain.access$000(ApplicationFilterChain.java:47) ~[tomcat-embed-core-9.0.36.jar:9.0.36]
?[0m?[0;34m	at org.apache.catalina.core.ApplicationFilterChain$1.run(ApplicationFilterChain.java:149) ~[tomcat-embed-core-9.0.36.jar:9.0.36]
?[0m?[0;34m	at org.apache.catalina.core.ApplicationFilterChain$1.run(ApplicationFilterChain.java:145) ~[tomcat-embed-core-9.0.36.jar:9.0.36]
?[0m?[0;34m	at java.base/java.security.AccessController.doPrivileged(AccessController.java:569) ~[na:na]
?[0m?[0;34m	at org.apache.catalina.core.ApplicationFilterChain.doFilter(ApplicationFilterChain.java:144) ~[tomcat-embed-core-9.0.36.jar:9.0.36]
?[0m?[0;34m	at org.springframework.security.web.FilterChainProxy$VirtualFilterChain.doFilter(FilterChainProxy.java:320) ~[spring-security-web-5.3.3.RELEASE.jar:5.3.3.RELEASE]
?[0m?[0;34m	at org.springframework.security.web.access.intercept.FilterSecurityInterceptor.invoke(FilterSecurityInterceptor.java:126) ~[spring-security-web-5.3.3.RELEASE.jar:5.3.3.RELEASE]
?[0m?[0;34m	at org.springframework.security.web.access.intercept.FilterSecurityInterceptor.doFilter(FilterSecurityInterceptor.java:90) ~[spring-security-web-5.3.3.RELEASE.jar:5.3.3.RELEASE]
?[0m?[0;34m	at org.springframework.security.web.FilterChainProxy$VirtualFilterChain.doFilter(FilterChainProxy.java:334) ~[spring-security-web-5.3.3.RELEASE.jar:5.3.3.RELEASE]
?[0m?[0;34m	at org.springframework.security.web.access.ExceptionTranslationFilter.doFilter(ExceptionTranslationFilter.java:118) ~[spring-security-web-5.3.3.RELEASE.jar:5.3.3.RELEASE]
?[0m?[0;34m	at org.springframework.security.web.FilterChainProxy$VirtualFilterChain.doFilter(FilterChainProxy.java:334) ~[spring-security-web-5.3.3.RELEASE.jar:5.3.3.RELEASE]
?[0m?[0;34m	at org.springframework.security.web.session.SessionManagementFilter.doFilter(SessionManagementFilter.java:137) ~[spring-security-web-5.3.3.RELEASE.jar:5.3.3.RELEASE]
?[0m?[0;34m	at org.springframework.security.web.FilterChainProxy$VirtualFilterChain.doFilter(FilterChainProxy.java:334) ~[spring-security-web-5.3.3.RELEASE.jar:5.3.3.RELEASE]
?[0m?[0;34m	at org.springframework.security.web.authentication.AnonymousAuthenticationFilter.doFilter(AnonymousAuthenticationFilter.java:111) ~[spring-security-web-5.3.3.RELEASE.jar:5.3.3.RELEASE]
?[0m?[0;34m	at org.springframework.security.web.FilterChainProxy$VirtualFilterChain.doFilter(FilterChainProxy.java:334) ~[spring-security-web-5.3.3.RELEASE.jar:5.3.3.RELEASE]
?[0m?[0;34m	at org.springframework.security.web.servletapi.SecurityContextHolderAwareRequestFilter.doFilter(SecurityContextHolderAwareRequestFilter.java:158) ~[spring-security-web-5.3.3.RELEASE.jar:5.3.3.RELEASE]
?[0m?[0;34m	at org.springframework.security.web.FilterChainProxy$VirtualFilterChain.doFilter(FilterChainProxy.java:334) ~[spring-security-web-5.3.3.RELEASE.jar:5.3.3.RELEASE]
?[0m?[0;34m	at org.springframework.security.web.savedrequest.RequestCacheAwareFilter.doFilter(RequestCacheAwareFilter.java:63) ~[spring-security-web-5.3.3.RELEASE.jar:5.3.3.RELEASE]
?[0m?[0;34m	at org.springframework.security.web.FilterChainProxy$VirtualFilterChain.doFilter(FilterChainProxy.java:334) ~[spring-security-web-5.3.3.RELEASE.jar:5.3.3.RELEASE]
?[0m?[0;34m	at org.springframework.security.web.authentication.www.BasicAuthenticationFilter.doFilterInternal(BasicAuthenticationFilter.java:155) ~[spring-security-web-5.3.3.RELEASE.jar:5.3.3.RELEASE]
?[0m?[0;34m	at org.springframework.web.filter.OncePerRequestFilter.doFilter(OncePerRequestFilter.java:119) ~[spring-web-5.2.7.RELEASE.jar:5.2.7.RELEASE]
?[0m?[0;34m	at org.springframework.security.web.FilterChainProxy$VirtualFilterChain.doFilter(FilterChainProxy.java:334) ~[spring-security-web-5.3.3.RELEASE.jar:5.3.3.RELEASE]
?[0m?[0;34m	at org.springframework.security.web.authentication.logout.LogoutFilter.doFilter(LogoutFilter.java:116) ~[spring-security-web-5.3.3.RELEASE.jar:5.3.3.RELEASE]
?[0m?[0;34m	at org.springframework.security.web.FilterChainProxy$VirtualFilterChain.doFilter(FilterChainProxy.java:334) ~[spring-security-web-5.3.3.RELEASE.jar:5.3.3.RELEASE]
?[0m?[0;34m	at org.springframework.security.web.header.HeaderWriterFilter.doHeadersAfter(HeaderWriterFilter.java:92) ~[spring-security-web-5.3.3.RELEASE.jar:5.3.3.RELEASE]
?[0m?[0;34m	at org.springframework.security.web.header.HeaderWriterFilter.doFilterInternal(HeaderWriterFilter.java:77) ~[spring-security-web-5.3.3.RELEASE.jar:5.3.3.RELEASE]
?[0m?[0;34m	at org.springframework.web.filter.OncePerRequestFilter.doFilter(OncePerRequestFilter.java:119) ~[spring-web-5.2.7.RELEASE.jar:5.2.7.RELEASE]
?[0m?[0;34m	at org.springframework.security.web.FilterChainProxy$VirtualFilterChain.doFilter(FilterChainProxy.java:334) ~[spring-security-web-5.3.3.RELEASE.jar:5.3.3.RELEASE]
?[0m?[0;34m	at org.springframework.security.web.context.SecurityContextPersistenceFilter.doFilter(SecurityContextPersistenceFilter.java:105) ~[spring-security-web-5.3.3.RELEASE.jar:5.3.3.RELEASE]
?[0m?[0;34m	at org.springframework.security.web.FilterChainProxy$VirtualFilterChain.doFilter(FilterChainProxy.java:334) ~[spring-security-web-5.3.3.RELEASE.jar:5.3.3.RELEASE]
?[0m?[0;34m	at org.springframework.security.web.context.request.async.WebAsyncManagerIntegrationFilter.doFilterInternal(WebAsyncManagerIntegrationFilter.java:56) ~[spring-security-web-5.3.3.RELEASE.jar:5.3.3.RELEASE]
?[0m?[0;34m	at org.springframework.web.filter.OncePerRequestFilter.doFilter(OncePerRequestFilter.java:119) ~[spring-web-5.2.7.RELEASE.jar:5.2.7.RELEASE]
?[0m?[0;34m	at org.springframework.security.web.FilterChainProxy$VirtualFilterChain.doFilter(FilterChainProxy.java:334) ~[spring-security-web-5.3.3.RELEASE.jar:5.3.3.RELEASE]
?[0m?[0;34m	at org.springframework.security.web.FilterChainProxy.doFilterInternal(FilterChainProxy.java:215) ~[spring-security-web-5.3.3.RELEASE.jar:5.3.3.RELEASE]
?[0m?[0;34m	at org.springframework.security.web.FilterChainProxy.doFilter(FilterChainProxy.java:178) ~[spring-security-web-5.3.3.RELEASE.jar:5.3.3.RELEASE]
?[0m?[0;34m	at org.springframework.web.filter.DelegatingFilterProxy.invokeDelegate(DelegatingFilterProxy.java:358) ~[spring-web-5.2.7.RELEASE.jar:5.2.7.RELEASE]
?[0m?[0;34m	at org.springframework.web.filter.DelegatingFilterProxy.doFilter(DelegatingFilterProxy.java:271) ~[spring-web-5.2.7.RELEASE.jar:5.2.7.RELEASE]
?[0m?[0;34m	at jdk.internal.reflect.GeneratedMethodAccessor58.invoke(Unknown Source) ~[na:na]
?[0m?[0;34m	at java.base/jdk.internal.reflect.DelegatingMethodAccessorImpl.invoke(DelegatingMethodAccessorImpl.java:43) ~[na:na]
?[0m?[0;34m	at java.base/java.lang.reflect.Method.invoke(Method.java:568) ~[na:na]
?[0m?[0;34m	at org.apache.catalina.security.SecurityUtil$1.run(SecurityUtil.java:282) ~[tomcat-embed-core-9.0.36.jar:9.0.36]
?[0m?[0;34m	at org.apache.catalina.security.SecurityUtil$1.run(SecurityUtil.java:279) ~[tomcat-embed-core-9.0.36.jar:9.0.36]
?[0m?[0;34m	at java.base/java.security.AccessController.doPrivileged(AccessController.java:712) ~[na:na]
?[0m?[0;34m	at java.base/javax.security.auth.Subject.doAsPrivileged(Subject.java:584) ~[na:na]
?[0m?[0;34m	at org.apache.catalina.security.SecurityUtil.execute(SecurityUtil.java:314) ~[tomcat-embed-core-9.0.36.jar:9.0.36]
?[0m?[0;34m	at org.apache.catalina.security.SecurityUtil.doAsPrivilege(SecurityUtil.java:253) ~[tomcat-embed-core-9.0.36.jar:9.0.36]
?[0m?[0;34m	at org.apache.catalina.core.ApplicationFilterChain.internalDoFilter(ApplicationFilterChain.java:191) ~[tomcat-embed-core-9.0.36.jar:9.0.36]
?[0m?[0;34m	at org.apache.catalina.core.ApplicationFilterChain.access$000(ApplicationFilterChain.java:47) ~[tomcat-embed-core-9.0.36.jar:9.0.36]
?[0m?[0;34m	at org.apache.catalina.core.ApplicationFilterChain$1.run(ApplicationFilterChain.java:149) ~[tomcat-embed-core-9.0.36.jar:9.0.36]
?[0m?[0;34m	at org.apache.catalina.core.ApplicationFilterChain$1.run(ApplicationFilterChain.java:145) ~[tomcat-embed-core-9.0.36.jar:9.0.36]
?[0m?[0;34m	at java.base/java.security.AccessController.doPrivileged(AccessController.java:569) ~[na:na]
?[0m?[0;34m	at org.apache.catalina.core.ApplicationFilterChain.doFilter(ApplicationFilterChain.java:144) ~[tomcat-embed-core-9.0.36.jar:9.0.36]
?[0m?[0;34m	at org.springframework.web.filter.RequestContextFilter.doFilterInternal(RequestContextFilter.java:100) ~[spring-web-5.2.7.RELEASE.jar:5.2.7.RELEASE]
?[0m?[0;34m	at org.springframework.web.filter.OncePerRequestFilter.doFilter(OncePerRequestFilter.java:119) ~[spring-web-5.2.7.RELEASE.jar:5.2.7.RELEASE]
?[0m?[0;34m	at jdk.internal.reflect.GeneratedMethodAccessor58.invoke(Unknown Source) ~[na:na]
?[0m?[0;34m	at java.base/jdk.internal.reflect.DelegatingMethodAccessorImpl.invoke(DelegatingMethodAccessorImpl.java:43) ~[na:na]
?[0m?[0;34m	at java.base/java.lang.reflect.Method.invoke(Method.java:568) ~[na:na]
?[0m?[0;34m	at org.apache.catalina.security.SecurityUtil$1.run(SecurityUtil.java:282) ~[tomcat-embed-core-9.0.36.jar:9.0.36]
?[0m?[0;34m	at org.apache.catalina.security.SecurityUtil$1.run(SecurityUtil.java:279) ~[tomcat-embed-core-9.0.36.jar:9.0.36]
?[0m?[0;34m	at java.base/java.security.AccessController.doPrivileged(AccessController.java:712) ~[na:na]
?[0m?[0;34m	at java.base/javax.security.auth.Subject.doAsPrivileged(Subject.java:584) ~[na:na]
?[0m?[0;34m	at org.apache.catalina.security.SecurityUtil.execute(SecurityUtil.java:314) ~[tomcat-embed-core-9.0.36.jar:9.0.36]
?[0m?[0;34m	at org.apache.catalina.security.SecurityUtil.doAsPrivilege(SecurityUtil.java:253) ~[tomcat-embed-core-9.0.36.jar:9.0.36]
?[0m?[0;34m	at org.apache.catalina.core.ApplicationFilterChain.internalDoFilter(ApplicationFilterChain.java:191) ~[tomcat-embed-core-9.0.36.jar:9.0.36]
?[0m?[0;34m	at org.apache.catalina.core.ApplicationFilterChain.access$000(ApplicationFilterChain.java:47) ~[tomcat-embed-core-9.0.36.jar:9.0.36]
?[0m?[0;34m	at org.apache.catalina.core.ApplicationFilterChain$1.run(ApplicationFilterChain.java:149) ~[tomcat-embed-core-9.0.36.jar:9.0.36]
?[0m?[0;34m	at org.apache.catalina.core.ApplicationFilterChain$1.run(ApplicationFilterChain.java:145) ~[tomcat-embed-core-9.0.36.jar:9.0.36]
?[0m?[0;34m	at java.base/java.security.AccessController.doPrivileged(AccessController.java:569) ~[na:na]
?[0m?[0;34m	at org.apache.catalina.core.ApplicationFilterChain.doFilter(ApplicationFilterChain.java:144) ~[tomcat-embed-core-9.0.36.jar:9.0.36]
?[0m?[0;34m	at org.springframework.web.filter.FormContentFilter.doFilterInternal(FormContentFilter.java:93) ~[spring-web-5.2.7.RELEASE.jar:5.2.7.RELEASE]
?[0m?[0;34m	at org.springframework.web.filter.OncePerRequestFilter.doFilter(OncePerRequestFilter.java:119) ~[spring-web-5.2.7.RELEASE.jar:5.2.7.RELEASE]
?[0m?[0;34m	at jdk.internal.reflect.GeneratedMethodAccessor58.invoke(Unknown Source) ~[na:na]
?[0m?[0;34m	at java.base/jdk.internal.reflect.DelegatingMethodAccessorImpl.invoke(DelegatingMethodAccessorImpl.java:43) ~[na:na]
?[0m?[0;34m	at java.base/java.lang.reflect.Method.invoke(Method.java:568) ~[na:na]
?[0m?[0;34m	at org.apache.catalina.security.SecurityUtil$1.run(SecurityUtil.java:282) ~[tomcat-embed-core-9.0.36.jar:9.0.36]
?[0m?[0;34m	at org.apache.catalina.security.SecurityUtil$1.run(SecurityUtil.java:279) ~[tomcat-embed-core-9.0.36.jar:9.0.36]
?[0m?[0;34m	at java.base/java.security.AccessController.doPrivileged(AccessController.java:712) ~[na:na]
?[0m?[0;34m	at java.base/javax.security.auth.Subject.doAsPrivileged(Subject.java:584) ~[na:na]
?[0m?[0;34m	at org.apache.catalina.security.SecurityUtil.execute(SecurityUtil.java:314) ~[tomcat-embed-core-9.0.36.jar:9.0.36]
?[0m?[0;34m	at org.apache.catalina.security.SecurityUtil.doAsPrivilege(SecurityUtil.java:253) ~[tomcat-embed-core-9.0.36.jar:9.0.36]
?[0m?[0;34m	at org.apache.catalina.core.ApplicationFilterChain.internalDoFilter(ApplicationFilterChain.java:191) ~[tomcat-embed-core-9.0.36.jar:9.0.36]
?[0m?[0;34m	at org.apache.catalina.core.ApplicationFilterChain.access$000(ApplicationFilterChain.java:47) ~[tomcat-embed-core-9.0.36.jar:9.0.36]
?[0m?[0;34m	at org.apache.catalina.core.ApplicationFilterChain$1.run(ApplicationFilterChain.java:149) ~[tomcat-embed-core-9.0.36.jar:9.0.36]
?[0m?[0;34m	at org.apache.catalina.core.ApplicationFilterChain$1.run(ApplicationFilterChain.java:145) ~[tomcat-embed-core-9.0.36.jar:9.0.36]
?[0m?[0;34m	at java.base/java.security.AccessController.doPrivileged(AccessController.java:569) ~[na:na]
?[0m?[0;34m	at org.apache.catalina.core.ApplicationFilterChain.doFilter(ApplicationFilterChain.java:144) ~[tomcat-embed-core-9.0.36.jar:9.0.36]
?[0m?[0;34m	at org.springframework.boot.actuate.metrics.web.servlet.WebMvcMetricsFilter.doFilterInternal(WebMvcMetricsFilter.java:93) ~[spring-boot-actuator-2.3.1.RELEASE.jar:2.3.1.RELEASE]
?[0m?[0;34m	at org.springframework.web.filter.OncePerRequestFilter.doFilter(OncePerRequestFilter.java:119) ~[spring-web-5.2.7.RELEASE.jar:5.2.7.RELEASE]
?[0m?[0;34m	at jdk.internal.reflect.GeneratedMethodAccessor58.invoke(Unknown Source) ~[na:na]
?[0m?[0;34m	at java.base/jdk.internal.reflect.DelegatingMethodAccessorImpl.invoke(DelegatingMethodAccessorImpl.java:43) ~[na:na]
?[0m?[0;34m	at java.base/java.lang.reflect.Method.invoke(Method.java:568) ~[na:na]
?[0m?[0;34m	at org.apache.catalina.security.SecurityUtil$1.run(SecurityUtil.java:282) ~[tomcat-embed-core-9.0.36.jar:9.0.36]
?[0m?[0;34m	at org.apache.catalina.security.SecurityUtil$1.run(SecurityUtil.java:279) ~[tomcat-embed-core-9.0.36.jar:9.0.36]
?[0m?[0;34m	at java.base/java.security.AccessController.doPrivileged(AccessController.java:712) ~[na:na]
?[0m?[0;34m	at java.base/javax.security.auth.Subject.doAsPrivileged(Subject.java:584) ~[na:na]
?[0m?[0;34m	at org.apache.catalina.security.SecurityUtil.execute(SecurityUtil.java:314) ~[tomcat-embed-core-9.0.36.jar:9.0.36]
?[0m?[0;34m	at org.apache.catalina.security.SecurityUtil.doAsPrivilege(SecurityUtil.java:253) ~[tomcat-embed-core-9.0.36.jar:9.0.36]
?[0m?[0;34m	at org.apache.catalina.core.ApplicationFilterChain.internalDoFilter(ApplicationFilterChain.java:191) ~[tomcat-embed-core-9.0.36.jar:9.0.36]
?[0m?[0;34m	at org.apache.catalina.core.ApplicationFilterChain.access$000(ApplicationFilterChain.java:47) ~[tomcat-embed-core-9.0.36.jar:9.0.36]
?[0m?[0;34m	at org.apache.catalina.core.ApplicationFilterChain$1.run(ApplicationFilterChain.java:149) ~[tomcat-embed-core-9.0.36.jar:9.0.36]
?[0m?[0;34m	at org.apache.catalina.core.ApplicationFilterChain$1.run(ApplicationFilterChain.java:145) ~[tomcat-embed-core-9.0.36.jar:9.0.36]
?[0m?[0;34m	at java.base/java.security.AccessController.doPrivileged(AccessController.java:569) ~[na:na]
?[0m?[0;34m	at org.apache.catalina.core.ApplicationFilterChain.doFilter(ApplicationFilterChain.java:144) ~[tomcat-embed-core-9.0.36.jar:9.0.36]
?[0m?[0;34m	at org.springframework.web.filter.CharacterEncodingFilter.doFilterInternal(CharacterEncodingFilter.java:201) ~[spring-web-5.2.7.RELEASE.jar:5.2.7.RELEASE]
?[0m?[0;34m	at org.springframework.web.filter.OncePerRequestFilter.doFilter(OncePerRequestFilter.java:119) ~[spring-web-5.2.7.RELEASE.jar:5.2.7.RELEASE]
?[0m?[0;34m	at jdk.internal.reflect.GeneratedMethodAccessor58.invoke(Unknown Source) ~[na:na]
?[0m?[0;34m	at java.base/jdk.internal.reflect.DelegatingMethodAccessorImpl.invoke(DelegatingMethodAccessorImpl.java:43) ~[na:na]
?[0m?[0;34m	at java.base/java.lang.reflect.Method.invoke(Method.java:568) ~[na:na]
?[0m?[0;34m	at org.apache.catalina.security.SecurityUtil$1.run(SecurityUtil.java:282) ~[tomcat-embed-core-9.0.36.jar:9.0.36]
?[0m?[0;34m	at org.apache.catalina.security.SecurityUtil$1.run(SecurityUtil.java:279) ~[tomcat-embed-core-9.0.36.jar:9.0.36]
?[0m?[0;34m	at java.base/java.security.AccessController.doPrivileged(AccessController.java:712) ~[na:na]
?[0m?[0;34m	at java.base/javax.security.auth.Subject.doAsPrivileged(Subject.java:584) ~[na:na]
?[0m?[0;34m	at org.apache.catalina.security.SecurityUtil.execute(SecurityUtil.java:314) ~[tomcat-embed-core-9.0.36.jar:9.0.36]
?[0m?[0;34m	at org.apache.catalina.security.SecurityUtil.doAsPrivilege(SecurityUtil.java:253) ~[tomcat-embed-core-9.0.36.jar:9.0.36]
?[0m?[0;34m	at org.apache.catalina.core.ApplicationFilterChain.internalDoFilter(ApplicationFilterChain.java:191) ~[tomcat-embed-core-9.0.36.jar:9.0.36]
?[0m?[0;34m	at org.apache.catalina.core.ApplicationFilterChain.access$000(ApplicationFilterChain.java:47) ~[tomcat-embed-core-9.0.36.jar:9.0.36]
?[0m?[0;34m	at org.apache.catalina.core.ApplicationFilterChain$1.run(ApplicationFilterChain.java:149) ~[tomcat-embed-core-9.0.36.jar:9.0.36]
?[0m?[0;34m	at org.apache.catalina.core.ApplicationFilterChain$1.run(ApplicationFilterChain.java:145) ~[tomcat-embed-core-9.0.36.jar:9.0.36]
?[0m?[0;34m	at java.base/java.security.AccessController.doPrivileged(AccessController.java:569) ~[na:na]
?[0m?[0;34m	at org.apache.catalina.core.ApplicationFilterChain.doFilter(ApplicationFilterChain.java:144) ~[tomcat-embed-core-9.0.36.jar:9.0.36]
?[0m?[0;34m	at org.apache.catalina.core.StandardWrapperValve.invoke(StandardWrapperValve.java:202) ~[tomcat-embed-core-9.0.36.jar:9.0.36]
?[0m?[0;34m	at org.apache.catalina.core.StandardContextValve.invoke(StandardContextValve.java:96) ~[tomcat-embed-core-9.0.36.jar:9.0.36]
?[0m?[0;34m	at org.apache.catalina.authenticator.AuthenticatorBase.invoke(AuthenticatorBase.java:541) ~[tomcat-embed-core-9.0.36.jar:9.0.36]
?[0m?[0;34m	at org.apache.catalina.core.StandardHostValve.invoke(StandardHostValve.java:139) ~[tomcat-embed-core-9.0.36.jar:9.0.36]
?[0m?[0;34m	at org.apache.catalina.valves.ErrorReportValve.invoke(ErrorReportValve.java:92) ~[tomcat-embed-core-9.0.36.jar:9.0.36]
?[0m?[0;34m	at org.apache.catalina.core.StandardEngineValve.invoke(StandardEngineValve.java:74) ~[tomcat-embed-core-9.0.36.jar:9.0.36]
?[0m?[0;34m	at org.apache.catalina.connector.CoyoteAdapter.service(CoyoteAdapter.java:343) ~[tomcat-embed-core-9.0.36.jar:9.0.36]
?[0m?[0;34m	at org.apache.coyote.http11.Http11Processor.service(Http11Processor.java:373) ~[tomcat-embed-core-9.0.36.jar:9.0.36]
?[0m?[0;34m	at org.apache.coyote.AbstractProcessorLight.process(AbstractProcessorLight.java:65) ~[tomcat-embed-core-9.0.36.jar:9.0.36]
?[0m?[0;34m	at org.apache.coyote.AbstractProtocol$ConnectionHandler.process(AbstractProtocol.java:868) ~[tomcat-embed-core-9.0.36.jar:9.0.36]
?[0m?[0;34m	at org.apache.tomcat.util.net.NioEndpoint$SocketProcessor.doRun(NioEndpoint.java:1590) ~[tomcat-embed-core-9.0.36.jar:9.0.36]
?[0m?[0;34m	at org.apache.tomcat.util.net.SocketProcessorBase.run(SocketProcessorBase.java:49) ~[tomcat-embed-core-9.0.36.jar:9.0.36]
?[0m?[0;34m	at java.base/java.util.concurrent.ThreadPoolExecutor.runWorker(ThreadPoolExecutor.java:1136) ~[na:na]
?[0m?[0;34m	at java.base/java.util.concurrent.ThreadPoolExecutor$Worker.run(ThreadPoolExecutor.java:635) ~[na:na]
?[0m?[0;34m	at org.apache.tomcat.util.threads.TaskThread$WrappingRunnable.run(TaskThread.java:61) ~[tomcat-embed-core-9.0.36.jar:9.0.36]
?[0m?[0;34m	at java.base/java.lang.Thread.run(Thread.java:833) ~[na:na]
?[0m?[0;34m
]]></system-out>
  <system-err><![CDATA[]]></system-err>
</testsuite>
